<?xml version="1.0" encoding="UTF-8"?>
<!-- Generated by org.testng.reporters.JUnitXMLReporter -->
<testsuite hostname="IN-00001287" name="Test" tests="1" failures="1" timestamp="12 Jul 2020 07:27:24 GMT" time="1.025" errors="0">
  <testcase name="run_cukes" time="0.898" classname="runner.testrunner">
    <failure type="cucumber.runtime.CucumberException" message="java.lang.Error: Unresolved compilation problems: 
	Illegal modifier for parameter geckoDriverPath; only final is permitted
	Syntax error on token &amp;quot;Invalid Character&amp;quot;, invalid Expression
	Syntax error on token &amp;quot;Invalid Character&amp;quot;, delete this token
	Syntax error on token &amp;quot;Invalid Character&amp;quot;, delete this token
	Syntax error on token &amp;quot;Invalid Character&amp;quot;, delete this token
	Syntax error on token &amp;quot;Invalid Character&amp;quot;, invalid Expression
	Syntax error on token &amp;quot;Invalid Character&amp;quot;, delete this token
	Syntax error on token &amp;quot;Invalid Character&amp;quot;, delete this token
	Syntax error on token &amp;quot;Invalid Character&amp;quot;, delete this token
">
      <![CDATA[cucumber.runtime.CucumberException: java.lang.Error: Unresolved compilation problems: 
	Illegal modifier for parameter geckoDriverPath; only final is permitted
	Syntax error on token "Invalid Character", invalid Expression
	Syntax error on token "Invalid Character", delete this token
	Syntax error on token "Invalid Character", delete this token
	Syntax error on token "Invalid Character", delete this token
	Syntax error on token "Invalid Character", invalid Expression
	Syntax error on token "Invalid Character", delete this token
	Syntax error on token "Invalid Character", delete this token
	Syntax error on token "Invalid Character", delete this token

	at cucumber.api.testng.TestNGCucumberRunner.runCukes(TestNGCucumberRunner.java:48)
	at cucumber.api.testng.AbstractTestNGCucumberTests.run_cukes(AbstractTestNGCucumberTests.java:14)
	at cucumber.api.testng.AbstractTestNGCucumberTests.run(AbstractTestNGCucumberTests.java:19)
Caused by: java.lang.Error: Unresolved compilation problems: 
	Illegal modifier for parameter geckoDriverPath; only final is permitted
	Syntax error on token "Invalid Character", invalid Expression
	Syntax error on token "Invalid Character", delete this token
	Syntax error on token "Invalid Character", delete this token
	Syntax error on token "Invalid Character", delete this token
	Syntax error on token "Invalid Character", invalid Expression
	Syntax error on token "Invalid Character", delete this token
	Syntax error on token "Invalid Character", delete this token
	Syntax error on token "Invalid Character", delete this token

	at BaseClass.Browser.StartBrowser(Browser.java:26)
	at seleniumgluecode.LoginApplicationFirst.user_is_on_homepage_using_first_url(LoginApplicationFirst.java:35)
	at âœ½.Given user is on homepage using first url(LoginApplicationFirst.feature:5)
... Removed 33 stack frames]]>
    </failure>
  </testcase> <!-- run_cukes -->
</testsuite> <!-- Test -->
